<?xml version="1.0" encoding="UTF-8"?>
<testsuite name="ch.uzh.ifi.hase.soprafs24.rest.mapper.DTOMapperTest" tests="2" skipped="0" failures="0" errors="0" timestamp="2024-03-08T19:31:55" hostname="MacBook-Air-Lazi.local" time="0.004">
  <properties/>
  <testcase name="testCreateUser_fromUserPostDTO_toUser_success()" classname="ch.uzh.ifi.hase.soprafs24.rest.mapper.DTOMapperTest" time="0.001"/>
  <testcase name="testGetUser_fromUser_toUserGetDTO_success()" classname="ch.uzh.ifi.hase.soprafs24.rest.mapper.DTOMapperTest" time="0.002"/>
  <system-out><![CDATA[]]></system-out>
  <system-err><![CDATA[]]></system-err>
</testsuite>
